2025-01-23T15:53:49.621-05:00  INFO 368040 --- [apigateway-service] [main] c.m.a.ApigatewayServiceApplication       : Starting ApigatewayServiceApplication using Java 17.0.13 with PID 368040 (C:\Users\dvwil\Downloads\apigateway-service (1)\apigateway-service\build\classes\java\main started by dvwil in C:\Users\dvwil\Downloads\apigateway-service (1)\apigateway-service)
2025-01-23T15:53:49.625-05:00 DEBUG 368040 --- [apigateway-service] [main] c.m.a.ApigatewayServiceApplication       : Running with Spring Boot v3.4.2, Spring v6.2.2
2025-01-23T15:53:49.626-05:00  INFO 368040 --- [apigateway-service] [main] c.m.a.ApigatewayServiceApplication       : No active profile set, falling back to 1 default profile: "default"
2025-01-23T15:53:50.674-05:00  INFO 368040 --- [apigateway-service] [main] o.s.cloud.context.scope.GenericScope     : BeanFactory id=755f1839-3c4c-3f08-9aa8-8320ef3da8e5
2025-01-23T15:53:52.685-05:00  INFO 368040 --- [apigateway-service] [main] o.s.cloud.commons.util.InetUtils         : Cannot determine local hostname
2025-01-23T15:53:53.064-05:00  INFO 368040 --- [apigateway-service] [main] o.s.c.g.r.RouteDefinitionRouteLocator    : Loaded RoutePredicateFactory [After]
2025-01-23T15:53:53.064-05:00  INFO 368040 --- [apigateway-service] [main] o.s.c.g.r.RouteDefinitionRouteLocator    : Loaded RoutePredicateFactory [Before]
2025-01-23T15:53:53.064-05:00  INFO 368040 --- [apigateway-service] [main] o.s.c.g.r.RouteDefinitionRouteLocator    : Loaded RoutePredicateFactory [Between]
2025-01-23T15:53:53.064-05:00  INFO 368040 --- [apigateway-service] [main] o.s.c.g.r.RouteDefinitionRouteLocator    : Loaded RoutePredicateFactory [Cookie]
2025-01-23T15:53:53.064-05:00  INFO 368040 --- [apigateway-service] [main] o.s.c.g.r.RouteDefinitionRouteLocator    : Loaded RoutePredicateFactory [Header]
2025-01-23T15:53:53.065-05:00  INFO 368040 --- [apigateway-service] [main] o.s.c.g.r.RouteDefinitionRouteLocator    : Loaded RoutePredicateFactory [Host]
2025-01-23T15:53:53.065-05:00  INFO 368040 --- [apigateway-service] [main] o.s.c.g.r.RouteDefinitionRouteLocator    : Loaded RoutePredicateFactory [Method]
2025-01-23T15:53:53.065-05:00  INFO 368040 --- [apigateway-service] [main] o.s.c.g.r.RouteDefinitionRouteLocator    : Loaded RoutePredicateFactory [Path]
2025-01-23T15:53:53.065-05:00  INFO 368040 --- [apigateway-service] [main] o.s.c.g.r.RouteDefinitionRouteLocator    : Loaded RoutePredicateFactory [Query]
2025-01-23T15:53:53.065-05:00  INFO 368040 --- [apigateway-service] [main] o.s.c.g.r.RouteDefinitionRouteLocator    : Loaded RoutePredicateFactory [ReadBody]
2025-01-23T15:53:53.065-05:00  INFO 368040 --- [apigateway-service] [main] o.s.c.g.r.RouteDefinitionRouteLocator    : Loaded RoutePredicateFactory [RemoteAddr]
2025-01-23T15:53:53.065-05:00  INFO 368040 --- [apigateway-service] [main] o.s.c.g.r.RouteDefinitionRouteLocator    : Loaded RoutePredicateFactory [XForwardedRemoteAddr]
2025-01-23T15:53:53.066-05:00  INFO 368040 --- [apigateway-service] [main] o.s.c.g.r.RouteDefinitionRouteLocator    : Loaded RoutePredicateFactory [Weight]
2025-01-23T15:53:53.066-05:00  INFO 368040 --- [apigateway-service] [main] o.s.c.g.r.RouteDefinitionRouteLocator    : Loaded RoutePredicateFactory [CloudFoundryRouteService]
2025-01-23T15:53:54.730-05:00  INFO 368040 --- [apigateway-service] [main] o.s.cloud.commons.util.InetUtils         : Cannot determine local hostname
2025-01-23T15:53:55.129-05:00  INFO 368040 --- [apigateway-service] [main] o.s.b.web.embedded.netty.NettyWebServer  : Netty started on port 8075 (http)
2025-01-23T15:53:56.522-05:00  INFO 368040 --- [apigateway-service] [main] o.s.cloud.commons.util.InetUtils         : Cannot determine local hostname
2025-01-23T15:53:57.953-05:00  INFO 368040 --- [apigateway-service] [main] o.s.cloud.commons.util.InetUtils         : Cannot determine local hostname
2025-01-23T15:53:58.046-05:00  INFO 368040 --- [apigateway-service] [main] c.m.a.ApigatewayServiceApplication       : Started ApigatewayServiceApplication in 10.536 seconds (process running for 11.427)
2025-01-23T15:55:59.111-05:00  INFO 368040 --- [apigateway-service] [SpringApplicationShutdownHook] o.s.b.w.embedded.netty.GracefulShutdown  : Commencing graceful shutdown. Waiting for active requests to complete
2025-01-23T15:55:59.114-05:00  INFO 368040 --- [apigateway-service] [netty-shutdown] o.s.b.w.embedded.netty.GracefulShutdown  : Graceful shutdown complete
2025-01-23T15:56:05.908-05:00  INFO 370260 --- [apigateway-service] [main] c.m.a.ApigatewayServiceApplication       : Starting ApigatewayServiceApplication using Java 17.0.13 with PID 370260 (C:\Users\dvwil\Downloads\apigateway-service (1)\apigateway-service\build\classes\java\main started by dvwil in C:\Users\dvwil\Downloads\apigateway-service (1)\apigateway-service)
2025-01-23T15:56:05.911-05:00 DEBUG 370260 --- [apigateway-service] [main] c.m.a.ApigatewayServiceApplication       : Running with Spring Boot v3.4.2, Spring v6.2.2
2025-01-23T15:56:05.912-05:00  INFO 370260 --- [apigateway-service] [main] c.m.a.ApigatewayServiceApplication       : No active profile set, falling back to 1 default profile: "default"
2025-01-23T15:56:06.866-05:00  INFO 370260 --- [apigateway-service] [main] o.s.cloud.context.scope.GenericScope     : BeanFactory id=755f1839-3c4c-3f08-9aa8-8320ef3da8e5
2025-01-23T15:56:08.841-05:00  INFO 370260 --- [apigateway-service] [main] o.s.cloud.commons.util.InetUtils         : Cannot determine local hostname
2025-01-23T15:56:09.235-05:00  INFO 370260 --- [apigateway-service] [main] o.s.c.g.r.RouteDefinitionRouteLocator    : Loaded RoutePredicateFactory [After]
2025-01-23T15:56:09.235-05:00  INFO 370260 --- [apigateway-service] [main] o.s.c.g.r.RouteDefinitionRouteLocator    : Loaded RoutePredicateFactory [Before]
2025-01-23T15:56:09.235-05:00  INFO 370260 --- [apigateway-service] [main] o.s.c.g.r.RouteDefinitionRouteLocator    : Loaded RoutePredicateFactory [Between]
2025-01-23T15:56:09.235-05:00  INFO 370260 --- [apigateway-service] [main] o.s.c.g.r.RouteDefinitionRouteLocator    : Loaded RoutePredicateFactory [Cookie]
2025-01-23T15:56:09.235-05:00  INFO 370260 --- [apigateway-service] [main] o.s.c.g.r.RouteDefinitionRouteLocator    : Loaded RoutePredicateFactory [Header]
2025-01-23T15:56:09.236-05:00  INFO 370260 --- [apigateway-service] [main] o.s.c.g.r.RouteDefinitionRouteLocator    : Loaded RoutePredicateFactory [Host]
2025-01-23T15:56:09.236-05:00  INFO 370260 --- [apigateway-service] [main] o.s.c.g.r.RouteDefinitionRouteLocator    : Loaded RoutePredicateFactory [Method]
2025-01-23T15:56:09.236-05:00  INFO 370260 --- [apigateway-service] [main] o.s.c.g.r.RouteDefinitionRouteLocator    : Loaded RoutePredicateFactory [Path]
2025-01-23T15:56:09.236-05:00  INFO 370260 --- [apigateway-service] [main] o.s.c.g.r.RouteDefinitionRouteLocator    : Loaded RoutePredicateFactory [Query]
2025-01-23T15:56:09.236-05:00  INFO 370260 --- [apigateway-service] [main] o.s.c.g.r.RouteDefinitionRouteLocator    : Loaded RoutePredicateFactory [ReadBody]
2025-01-23T15:56:09.236-05:00  INFO 370260 --- [apigateway-service] [main] o.s.c.g.r.RouteDefinitionRouteLocator    : Loaded RoutePredicateFactory [RemoteAddr]
2025-01-23T15:56:09.236-05:00  INFO 370260 --- [apigateway-service] [main] o.s.c.g.r.RouteDefinitionRouteLocator    : Loaded RoutePredicateFactory [XForwardedRemoteAddr]
2025-01-23T15:56:09.237-05:00  INFO 370260 --- [apigateway-service] [main] o.s.c.g.r.RouteDefinitionRouteLocator    : Loaded RoutePredicateFactory [Weight]
2025-01-23T15:56:09.237-05:00  INFO 370260 --- [apigateway-service] [main] o.s.c.g.r.RouteDefinitionRouteLocator    : Loaded RoutePredicateFactory [CloudFoundryRouteService]
2025-01-23T15:56:10.967-05:00  INFO 370260 --- [apigateway-service] [main] o.s.cloud.commons.util.InetUtils         : Cannot determine local hostname
2025-01-23T15:56:11.372-05:00  INFO 370260 --- [apigateway-service] [main] o.s.b.web.embedded.netty.NettyWebServer  : Netty started on port 8075 (http)
2025-01-23T15:56:12.832-05:00  INFO 370260 --- [apigateway-service] [main] o.s.cloud.commons.util.InetUtils         : Cannot determine local hostname
2025-01-23T15:56:14.262-05:00  INFO 370260 --- [apigateway-service] [main] o.s.cloud.commons.util.InetUtils         : Cannot determine local hostname
2025-01-23T15:56:14.330-05:00  INFO 370260 --- [apigateway-service] [main] c.m.a.ApigatewayServiceApplication       : Started ApigatewayServiceApplication in 10.562 seconds (process running for 11.491)
2025-01-23T15:56:34.002-05:00  INFO 370260 --- [apigateway-service] [SpringApplicationShutdownHook] o.s.b.w.embedded.netty.GracefulShutdown  : Commencing graceful shutdown. Waiting for active requests to complete
2025-01-23T15:56:34.006-05:00  INFO 370260 --- [apigateway-service] [netty-shutdown] o.s.b.w.embedded.netty.GracefulShutdown  : Graceful shutdown complete
2025-01-23T15:56:40.821-05:00  INFO 359636 --- [apigateway-service] [main] c.m.a.ApigatewayServiceApplication       : Starting ApigatewayServiceApplication using Java 17.0.13 with PID 359636 (C:\Users\dvwil\Downloads\apigateway-service (1)\apigateway-service\build\classes\java\main started by dvwil in C:\Users\dvwil\Downloads\apigateway-service (1)\apigateway-service)
2025-01-23T15:56:40.825-05:00 DEBUG 359636 --- [apigateway-service] [main] c.m.a.ApigatewayServiceApplication       : Running with Spring Boot v3.4.2, Spring v6.2.2
2025-01-23T15:56:40.826-05:00  INFO 359636 --- [apigateway-service] [main] c.m.a.ApigatewayServiceApplication       : No active profile set, falling back to 1 default profile: "default"
2025-01-23T15:56:41.758-05:00  INFO 359636 --- [apigateway-service] [main] o.s.cloud.context.scope.GenericScope     : BeanFactory id=755f1839-3c4c-3f08-9aa8-8320ef3da8e5
2025-01-23T15:56:43.728-05:00  INFO 359636 --- [apigateway-service] [main] o.s.cloud.commons.util.InetUtils         : Cannot determine local hostname
2025-01-23T15:56:44.122-05:00  INFO 359636 --- [apigateway-service] [main] o.s.c.g.r.RouteDefinitionRouteLocator    : Loaded RoutePredicateFactory [After]
2025-01-23T15:56:44.123-05:00  INFO 359636 --- [apigateway-service] [main] o.s.c.g.r.RouteDefinitionRouteLocator    : Loaded RoutePredicateFactory [Before]
2025-01-23T15:56:44.123-05:00  INFO 359636 --- [apigateway-service] [main] o.s.c.g.r.RouteDefinitionRouteLocator    : Loaded RoutePredicateFactory [Between]
2025-01-23T15:56:44.123-05:00  INFO 359636 --- [apigateway-service] [main] o.s.c.g.r.RouteDefinitionRouteLocator    : Loaded RoutePredicateFactory [Cookie]
2025-01-23T15:56:44.123-05:00  INFO 359636 --- [apigateway-service] [main] o.s.c.g.r.RouteDefinitionRouteLocator    : Loaded RoutePredicateFactory [Header]
2025-01-23T15:56:44.123-05:00  INFO 359636 --- [apigateway-service] [main] o.s.c.g.r.RouteDefinitionRouteLocator    : Loaded RoutePredicateFactory [Host]
2025-01-23T15:56:44.124-05:00  INFO 359636 --- [apigateway-service] [main] o.s.c.g.r.RouteDefinitionRouteLocator    : Loaded RoutePredicateFactory [Method]
2025-01-23T15:56:44.124-05:00  INFO 359636 --- [apigateway-service] [main] o.s.c.g.r.RouteDefinitionRouteLocator    : Loaded RoutePredicateFactory [Path]
2025-01-23T15:56:44.124-05:00  INFO 359636 --- [apigateway-service] [main] o.s.c.g.r.RouteDefinitionRouteLocator    : Loaded RoutePredicateFactory [Query]
2025-01-23T15:56:44.124-05:00  INFO 359636 --- [apigateway-service] [main] o.s.c.g.r.RouteDefinitionRouteLocator    : Loaded RoutePredicateFactory [ReadBody]
2025-01-23T15:56:44.124-05:00  INFO 359636 --- [apigateway-service] [main] o.s.c.g.r.RouteDefinitionRouteLocator    : Loaded RoutePredicateFactory [RemoteAddr]
2025-01-23T15:56:44.124-05:00  INFO 359636 --- [apigateway-service] [main] o.s.c.g.r.RouteDefinitionRouteLocator    : Loaded RoutePredicateFactory [XForwardedRemoteAddr]
2025-01-23T15:56:44.125-05:00  INFO 359636 --- [apigateway-service] [main] o.s.c.g.r.RouteDefinitionRouteLocator    : Loaded RoutePredicateFactory [Weight]
2025-01-23T15:56:44.125-05:00  INFO 359636 --- [apigateway-service] [main] o.s.c.g.r.RouteDefinitionRouteLocator    : Loaded RoutePredicateFactory [CloudFoundryRouteService]
2025-01-23T15:56:45.786-05:00  INFO 359636 --- [apigateway-service] [main] o.s.cloud.commons.util.InetUtils         : Cannot determine local hostname
2025-01-23T15:56:46.160-05:00  INFO 359636 --- [apigateway-service] [main] o.s.b.web.embedded.netty.NettyWebServer  : Netty started on port 8075 (http)
2025-01-23T15:56:47.550-05:00  INFO 359636 --- [apigateway-service] [main] o.s.cloud.commons.util.InetUtils         : Cannot determine local hostname
2025-01-23T15:56:48.954-05:00  INFO 359636 --- [apigateway-service] [main] o.s.cloud.commons.util.InetUtils         : Cannot determine local hostname
2025-01-23T15:56:49.009-05:00  INFO 359636 --- [apigateway-service] [main] c.m.a.ApigatewayServiceApplication       : Started ApigatewayServiceApplication in 10.345 seconds (process running for 11.197)
2025-01-23T16:00:09.600-05:00  INFO 359636 --- [apigateway-service] [SpringApplicationShutdownHook] o.s.b.w.embedded.netty.GracefulShutdown  : Commencing graceful shutdown. Waiting for active requests to complete
2025-01-23T16:00:09.603-05:00  INFO 359636 --- [apigateway-service] [netty-shutdown] o.s.b.w.embedded.netty.GracefulShutdown  : Graceful shutdown complete
2025-01-23T16:00:16.356-05:00  INFO 365448 --- [apigateway-service] [main] c.m.a.ApigatewayServiceApplication       : Starting ApigatewayServiceApplication using Java 17.0.13 with PID 365448 (C:\Users\dvwil\Downloads\apigateway-service (1)\apigateway-service\build\classes\java\main started by dvwil in C:\Users\dvwil\Downloads\apigateway-service (1)\apigateway-service)
2025-01-23T16:00:16.369-05:00 DEBUG 365448 --- [apigateway-service] [main] c.m.a.ApigatewayServiceApplication       : Running with Spring Boot v3.4.2, Spring v6.2.2
2025-01-23T16:00:16.369-05:00  INFO 365448 --- [apigateway-service] [main] c.m.a.ApigatewayServiceApplication       : No active profile set, falling back to 1 default profile: "default"
2025-01-23T16:00:17.339-05:00  INFO 365448 --- [apigateway-service] [main] o.s.cloud.context.scope.GenericScope     : BeanFactory id=755f1839-3c4c-3f08-9aa8-8320ef3da8e5
2025-01-23T16:00:19.289-05:00  INFO 365448 --- [apigateway-service] [main] o.s.cloud.commons.util.InetUtils         : Cannot determine local hostname
2025-01-23T16:00:19.671-05:00  INFO 365448 --- [apigateway-service] [main] o.s.c.g.r.RouteDefinitionRouteLocator    : Loaded RoutePredicateFactory [After]
2025-01-23T16:00:19.671-05:00  INFO 365448 --- [apigateway-service] [main] o.s.c.g.r.RouteDefinitionRouteLocator    : Loaded RoutePredicateFactory [Before]
2025-01-23T16:00:19.671-05:00  INFO 365448 --- [apigateway-service] [main] o.s.c.g.r.RouteDefinitionRouteLocator    : Loaded RoutePredicateFactory [Between]
2025-01-23T16:00:19.671-05:00  INFO 365448 --- [apigateway-service] [main] o.s.c.g.r.RouteDefinitionRouteLocator    : Loaded RoutePredicateFactory [Cookie]
2025-01-23T16:00:19.671-05:00  INFO 365448 --- [apigateway-service] [main] o.s.c.g.r.RouteDefinitionRouteLocator    : Loaded RoutePredicateFactory [Header]
2025-01-23T16:00:19.672-05:00  INFO 365448 --- [apigateway-service] [main] o.s.c.g.r.RouteDefinitionRouteLocator    : Loaded RoutePredicateFactory [Host]
2025-01-23T16:00:19.672-05:00  INFO 365448 --- [apigateway-service] [main] o.s.c.g.r.RouteDefinitionRouteLocator    : Loaded RoutePredicateFactory [Method]
2025-01-23T16:00:19.672-05:00  INFO 365448 --- [apigateway-service] [main] o.s.c.g.r.RouteDefinitionRouteLocator    : Loaded RoutePredicateFactory [Path]
2025-01-23T16:00:19.672-05:00  INFO 365448 --- [apigateway-service] [main] o.s.c.g.r.RouteDefinitionRouteLocator    : Loaded RoutePredicateFactory [Query]
2025-01-23T16:00:19.672-05:00  INFO 365448 --- [apigateway-service] [main] o.s.c.g.r.RouteDefinitionRouteLocator    : Loaded RoutePredicateFactory [ReadBody]
2025-01-23T16:00:19.672-05:00  INFO 365448 --- [apigateway-service] [main] o.s.c.g.r.RouteDefinitionRouteLocator    : Loaded RoutePredicateFactory [RemoteAddr]
2025-01-23T16:00:19.672-05:00  INFO 365448 --- [apigateway-service] [main] o.s.c.g.r.RouteDefinitionRouteLocator    : Loaded RoutePredicateFactory [XForwardedRemoteAddr]
2025-01-23T16:00:19.673-05:00  INFO 365448 --- [apigateway-service] [main] o.s.c.g.r.RouteDefinitionRouteLocator    : Loaded RoutePredicateFactory [Weight]
2025-01-23T16:00:19.673-05:00  INFO 365448 --- [apigateway-service] [main] o.s.c.g.r.RouteDefinitionRouteLocator    : Loaded RoutePredicateFactory [CloudFoundryRouteService]
2025-01-23T16:00:21.376-05:00  INFO 365448 --- [apigateway-service] [main] o.s.cloud.commons.util.InetUtils         : Cannot determine local hostname
2025-01-23T16:00:21.811-05:00  INFO 365448 --- [apigateway-service] [main] o.s.b.web.embedded.netty.NettyWebServer  : Netty started on port 8075 (http)
2025-01-23T16:00:23.223-05:00  INFO 365448 --- [apigateway-service] [main] o.s.cloud.commons.util.InetUtils         : Cannot determine local hostname
2025-01-23T16:00:24.671-05:00  INFO 365448 --- [apigateway-service] [main] o.s.cloud.commons.util.InetUtils         : Cannot determine local hostname
2025-01-23T16:00:24.741-05:00  INFO 365448 --- [apigateway-service] [main] c.m.a.ApigatewayServiceApplication       : Started ApigatewayServiceApplication in 10.47 seconds (process running for 11.404)
2025-01-23T16:01:22.905-05:00  INFO 365448 --- [apigateway-service] [SpringApplicationShutdownHook] o.s.b.w.embedded.netty.GracefulShutdown  : Commencing graceful shutdown. Waiting for active requests to complete
2025-01-23T16:01:22.908-05:00  INFO 365448 --- [apigateway-service] [netty-shutdown] o.s.b.w.embedded.netty.GracefulShutdown  : Graceful shutdown complete
2025-01-23T16:01:30.068-05:00  INFO 370788 --- [apigateway-service] [main] c.m.a.ApigatewayServiceApplication       : Starting ApigatewayServiceApplication using Java 17.0.13 with PID 370788 (C:\Users\dvwil\Downloads\apigateway-service (1)\apigateway-service\build\classes\java\main started by dvwil in C:\Users\dvwil\Downloads\apigateway-service (1)\apigateway-service)
2025-01-23T16:01:30.072-05:00 DEBUG 370788 --- [apigateway-service] [main] c.m.a.ApigatewayServiceApplication       : Running with Spring Boot v3.4.2, Spring v6.2.2
2025-01-23T16:01:30.073-05:00  INFO 370788 --- [apigateway-service] [main] c.m.a.ApigatewayServiceApplication       : No active profile set, falling back to 1 default profile: "default"
2025-01-23T16:01:31.087-05:00  INFO 370788 --- [apigateway-service] [main] o.s.cloud.context.scope.GenericScope     : BeanFactory id=755f1839-3c4c-3f08-9aa8-8320ef3da8e5
2025-01-23T16:01:33.084-05:00  INFO 370788 --- [apigateway-service] [main] o.s.cloud.commons.util.InetUtils         : Cannot determine local hostname
2025-01-23T16:01:33.550-05:00  INFO 370788 --- [apigateway-service] [main] o.s.c.g.r.RouteDefinitionRouteLocator    : Loaded RoutePredicateFactory [After]
2025-01-23T16:01:33.551-05:00  INFO 370788 --- [apigateway-service] [main] o.s.c.g.r.RouteDefinitionRouteLocator    : Loaded RoutePredicateFactory [Before]
2025-01-23T16:01:33.551-05:00  INFO 370788 --- [apigateway-service] [main] o.s.c.g.r.RouteDefinitionRouteLocator    : Loaded RoutePredicateFactory [Between]
2025-01-23T16:01:33.551-05:00  INFO 370788 --- [apigateway-service] [main] o.s.c.g.r.RouteDefinitionRouteLocator    : Loaded RoutePredicateFactory [Cookie]
2025-01-23T16:01:33.552-05:00  INFO 370788 --- [apigateway-service] [main] o.s.c.g.r.RouteDefinitionRouteLocator    : Loaded RoutePredicateFactory [Header]
2025-01-23T16:01:33.552-05:00  INFO 370788 --- [apigateway-service] [main] o.s.c.g.r.RouteDefinitionRouteLocator    : Loaded RoutePredicateFactory [Host]
2025-01-23T16:01:33.552-05:00  INFO 370788 --- [apigateway-service] [main] o.s.c.g.r.RouteDefinitionRouteLocator    : Loaded RoutePredicateFactory [Method]
2025-01-23T16:01:33.552-05:00  INFO 370788 --- [apigateway-service] [main] o.s.c.g.r.RouteDefinitionRouteLocator    : Loaded RoutePredicateFactory [Path]
2025-01-23T16:01:33.552-05:00  INFO 370788 --- [apigateway-service] [main] o.s.c.g.r.RouteDefinitionRouteLocator    : Loaded RoutePredicateFactory [Query]
2025-01-23T16:01:33.552-05:00  INFO 370788 --- [apigateway-service] [main] o.s.c.g.r.RouteDefinitionRouteLocator    : Loaded RoutePredicateFactory [ReadBody]
2025-01-23T16:01:33.552-05:00  INFO 370788 --- [apigateway-service] [main] o.s.c.g.r.RouteDefinitionRouteLocator    : Loaded RoutePredicateFactory [RemoteAddr]
2025-01-23T16:01:33.552-05:00  INFO 370788 --- [apigateway-service] [main] o.s.c.g.r.RouteDefinitionRouteLocator    : Loaded RoutePredicateFactory [XForwardedRemoteAddr]
2025-01-23T16:01:33.552-05:00  INFO 370788 --- [apigateway-service] [main] o.s.c.g.r.RouteDefinitionRouteLocator    : Loaded RoutePredicateFactory [Weight]
2025-01-23T16:01:33.553-05:00  INFO 370788 --- [apigateway-service] [main] o.s.c.g.r.RouteDefinitionRouteLocator    : Loaded RoutePredicateFactory [CloudFoundryRouteService]
2025-01-23T16:01:35.256-05:00  INFO 370788 --- [apigateway-service] [main] o.s.cloud.commons.util.InetUtils         : Cannot determine local hostname
2025-01-23T16:01:35.686-05:00  INFO 370788 --- [apigateway-service] [main] o.s.b.web.embedded.netty.NettyWebServer  : Netty started on port 8075 (http)
2025-01-23T16:01:37.091-05:00  INFO 370788 --- [apigateway-service] [main] o.s.cloud.commons.util.InetUtils         : Cannot determine local hostname
2025-01-23T16:01:38.536-05:00  INFO 370788 --- [apigateway-service] [main] o.s.cloud.commons.util.InetUtils         : Cannot determine local hostname
2025-01-23T16:01:38.629-05:00  INFO 370788 --- [apigateway-service] [main] c.m.a.ApigatewayServiceApplication       : Started ApigatewayServiceApplication in 10.695 seconds (process running for 11.895)
2025-01-23T16:11:15.022-05:00  INFO 370788 --- [apigateway-service] [SpringApplicationShutdownHook] o.s.b.w.embedded.netty.GracefulShutdown  : Commencing graceful shutdown. Waiting for active requests to complete
2025-01-23T16:11:15.026-05:00  INFO 370788 --- [apigateway-service] [netty-shutdown] o.s.b.w.embedded.netty.GracefulShutdown  : Graceful shutdown complete
2025-01-23T16:11:22.898-05:00  INFO 370844 --- [apigateway-service] [main] c.m.a.ApigatewayServiceApplication       : Starting ApigatewayServiceApplication using Java 17.0.13 with PID 370844 (C:\Users\dvwil\Downloads\apigateway-service (1)\apigateway-service\build\classes\java\main started by dvwil in C:\Users\dvwil\Downloads\apigateway-service (1)\apigateway-service)
2025-01-23T16:11:22.902-05:00 DEBUG 370844 --- [apigateway-service] [main] c.m.a.ApigatewayServiceApplication       : Running with Spring Boot v3.4.2, Spring v6.2.2
2025-01-23T16:11:22.903-05:00  INFO 370844 --- [apigateway-service] [main] c.m.a.ApigatewayServiceApplication       : No active profile set, falling back to 1 default profile: "default"
2025-01-23T16:11:23.894-05:00  INFO 370844 --- [apigateway-service] [main] o.s.cloud.context.scope.GenericScope     : BeanFactory id=66cc1829-0e6e-3660-9a5a-fc92b34a5027
2025-01-23T16:11:25.904-05:00  INFO 370844 --- [apigateway-service] [main] o.s.cloud.commons.util.InetUtils         : Cannot determine local hostname
2025-01-23T16:11:26.336-05:00  INFO 370844 --- [apigateway-service] [main] o.s.c.g.r.RouteDefinitionRouteLocator    : Loaded RoutePredicateFactory [After]
2025-01-23T16:11:26.337-05:00  INFO 370844 --- [apigateway-service] [main] o.s.c.g.r.RouteDefinitionRouteLocator    : Loaded RoutePredicateFactory [Before]
2025-01-23T16:11:26.337-05:00  INFO 370844 --- [apigateway-service] [main] o.s.c.g.r.RouteDefinitionRouteLocator    : Loaded RoutePredicateFactory [Between]
2025-01-23T16:11:26.337-05:00  INFO 370844 --- [apigateway-service] [main] o.s.c.g.r.RouteDefinitionRouteLocator    : Loaded RoutePredicateFactory [Cookie]
2025-01-23T16:11:26.337-05:00  INFO 370844 --- [apigateway-service] [main] o.s.c.g.r.RouteDefinitionRouteLocator    : Loaded RoutePredicateFactory [Header]
2025-01-23T16:11:26.337-05:00  INFO 370844 --- [apigateway-service] [main] o.s.c.g.r.RouteDefinitionRouteLocator    : Loaded RoutePredicateFactory [Host]
2025-01-23T16:11:26.338-05:00  INFO 370844 --- [apigateway-service] [main] o.s.c.g.r.RouteDefinitionRouteLocator    : Loaded RoutePredicateFactory [Method]
2025-01-23T16:11:26.338-05:00  INFO 370844 --- [apigateway-service] [main] o.s.c.g.r.RouteDefinitionRouteLocator    : Loaded RoutePredicateFactory [Path]
2025-01-23T16:11:26.338-05:00  INFO 370844 --- [apigateway-service] [main] o.s.c.g.r.RouteDefinitionRouteLocator    : Loaded RoutePredicateFactory [Query]
2025-01-23T16:11:26.338-05:00  INFO 370844 --- [apigateway-service] [main] o.s.c.g.r.RouteDefinitionRouteLocator    : Loaded RoutePredicateFactory [ReadBody]
2025-01-23T16:11:26.338-05:00  INFO 370844 --- [apigateway-service] [main] o.s.c.g.r.RouteDefinitionRouteLocator    : Loaded RoutePredicateFactory [RemoteAddr]
2025-01-23T16:11:26.338-05:00  INFO 370844 --- [apigateway-service] [main] o.s.c.g.r.RouteDefinitionRouteLocator    : Loaded RoutePredicateFactory [XForwardedRemoteAddr]
2025-01-23T16:11:26.338-05:00  INFO 370844 --- [apigateway-service] [main] o.s.c.g.r.RouteDefinitionRouteLocator    : Loaded RoutePredicateFactory [Weight]
2025-01-23T16:11:26.339-05:00  INFO 370844 --- [apigateway-service] [main] o.s.c.g.r.RouteDefinitionRouteLocator    : Loaded RoutePredicateFactory [CloudFoundryRouteService]
2025-01-23T16:11:27.990-05:00  INFO 370844 --- [apigateway-service] [main] o.s.cloud.commons.util.InetUtils         : Cannot determine local hostname
2025-01-23T16:11:28.431-05:00  INFO 370844 --- [apigateway-service] [main] o.s.b.web.embedded.netty.NettyWebServer  : Netty started on port 8075 (http)
2025-01-23T16:11:29.834-05:00  INFO 370844 --- [apigateway-service] [main] o.s.cloud.commons.util.InetUtils         : Cannot determine local hostname
2025-01-23T16:11:31.241-05:00  INFO 370844 --- [apigateway-service] [main] o.s.cloud.commons.util.InetUtils         : Cannot determine local hostname
2025-01-23T16:11:31.322-05:00  INFO 370844 --- [apigateway-service] [main] c.m.a.ApigatewayServiceApplication       : Started ApigatewayServiceApplication in 10.661 seconds (process running for 11.813)
2025-01-23T16:13:28.125-05:00  INFO 370844 --- [apigateway-service] [SpringApplicationShutdownHook] o.s.b.w.embedded.netty.GracefulShutdown  : Commencing graceful shutdown. Waiting for active requests to complete
2025-01-23T16:13:28.130-05:00  INFO 370844 --- [apigateway-service] [netty-shutdown] o.s.b.w.embedded.netty.GracefulShutdown  : Graceful shutdown complete
